# JRE version: OpenJDK Runtime Environment Zulu22.28+91-CA (22.0+36) (build 22+36)
# Java VM: OpenJDK 64-Bit Server VM Zulu22.28+91-CA (22+36, mixed mode, sharing, tiered, compressed oops, compressed class ptrs, g1 gc, windows-amd64)
GC Precious Log:
 CardTable entry size: 512
 Card Set container configuration: InlinePtr #cards 5 size 8 Array Of Cards #cards 12 size 40 Howl #buckets 4 coarsen threshold 1843 Howl Bitmap #cards 512 size 80 coarsen threshold 460 Card regions per heap region 1 cards per card region 2048
 CPUs: 8 total, 8 available
 Memory: 3824M
 Large Page Support: Disabled
 NUMA Support: Disabled
 Compressed Oops: Enabled (32-bit)
 Heap Region Size: 1M
 Heap Min Capacity: 8M
 Heap Initial Capacity: 60M
 Heap Max Capacity: 958M
 Pre-touch: Disabled
 Parallel Workers: 8
 Concurrent Workers: 2
 Concurrent Refinement Workers: 8
 Periodic GC: Disabled
Heap:
 garbage-first heap   total reserved 980992K, committed 119808K, used 73563K [0x00000000c4200000, 0x0000000100000000)
  region size 1024K, 3 young (3072K), 2 survivors (2048K)
 Metaspace       used 30820K, committed 31232K, reserved 1114112K
  class space    used 4174K, committed 4352K, reserved 1048576K
GC Heap History (20 events):
Event: 4.513 GC heap before
{Heap before GC invocations=4 (full 0):
 garbage-first heap   total reserved 980992K, committed 65536K, used 46520K [0x00000000c4200000, 0x0000000100000000)
  region size 1024K, 12 young (12288K), 3 survivors (3072K)
 Metaspace       used 21169K, committed 21504K, reserved 1114112K
  class space    used 2713K, committed 2880K, reserved 1048576K
}
Event: 4.516 GC heap after
{Heap after GC invocations=5 (full 0):
 garbage-first heap   total reserved 980992K, committed 65536K, used 38842K [0x00000000c4200000, 0x0000000100000000)
  region size 1024K, 1 young (1024K), 1 survivors (1024K)
 Metaspace       used 21169K, committed 21504K, reserved 1114112K
  class space    used 2713K, committed 2880K, reserved 1048576K
}
Event: 5.735 GC heap before
{Heap before GC invocations=6 (full 0):
 garbage-first heap   total reserved 980992K, committed 66560K, used 57274K [0x00000000c4200000, 0x0000000100000000)
  region size 1024K, 19 young (19456K), 1 survivors (1024K)
 Metaspace       used 21851K, committed 22208K, reserved 1114112K
  class space    used 2772K, committed 2944K, reserved 1048576K
}
Event: 5.737 GC heap after
{Heap after GC invocations=7 (full 0):
 garbage-first heap   total reserved 980992K, committed 66560K, used 38668K [0x00000000c4200000, 0x0000000100000000)
  region size 1024K, 1 young (1024K), 1 survivors (1024K)
 Metaspace       used 21851K, committed 22208K, reserved 1114112K
  class space    used 2772K, committed 2944K, reserved 1048576K
}
Event: 6.488 GC heap before
{Heap before GC invocations=7 (full 0):
 garbage-first heap   total reserved 980992K, committed 66560K, used 58124K [0x00000000c4200000, 0x0000000100000000)
  region size 1024K, 21 young (21504K), 1 survivors (1024K)
 Metaspace       used 25503K, committed 25856K, reserved 1114112K
  class space    used 3413K, committed 3584K, reserved 1048576K
}
Event: 6.493 GC heap after
{Heap after GC invocations=8 (full 0):
 garbage-first heap   total reserved 980992K, committed 66560K, used 39631K [0x00000000c4200000, 0x0000000100000000)
  region size 1024K, 2 young (2048K), 2 survivors (2048K)
 Metaspace       used 25503K, committed 25856K, reserved 1114112K
  class space    used 3413K, committed 3584K, reserved 1048576K
}
Event: 6.524 GC heap before
{Heap before GC invocations=8 (full 0):
 garbage-first heap   total reserved 980992K, committed 66560K, used 39631K [0x00000000c4200000, 0x0000000100000000)
  region size 1024K, 4 young (4096K), 2 survivors (2048K)
 Metaspace       used 25686K, committed 26048K, reserved 1114112K
  class space    used 3431K, committed 3584K, reserved 1048576K
}
Event: 6.527 GC heap after
{Heap after GC invocations=9 (full 0):
 garbage-first heap   total reserved 980992K, committed 66560K, used 40198K [0x00000000c4200000, 0x0000000100000000)
  region size 1024K, 2 young (2048K), 2 survivors (2048K)
 Metaspace       used 25686K, committed 26048K, reserved 1114112K
  class space    used 3431K, committed 3584K, reserved 1048576K
}
Event: 21.287 GC heap before
{Heap before GC invocations=10 (full 0):
 garbage-first heap   total reserved 980992K, committed 71680K, used 67846K [0x00000000c4200000, 0x0000000100000000)
  region size 1024K, 19 young (19456K), 2 survivors (2048K)
 Metaspace       used 27221K, committed 27648K, reserved 1114112K
  class space    used 3533K, committed 3712K, reserved 1048576K
}
Event: 21.302 GC heap after
{Heap after GC invocations=11 (full 0):
 garbage-first heap   total reserved 980992K, committed 72704K, used 52465K [0x00000000c4200000, 0x0000000100000000)
  region size 1024K, 3 young (3072K), 3 survivors (3072K)
 Metaspace       used 27221K, committed 27648K, reserved 1114112K
  class space    used 3533K, committed 3712K, reserved 1048576K
}
Event: 22.014 GC heap before
{Heap before GC invocations=11 (full 0):
 garbage-first heap   total reserved 980992K, committed 72704K, used 62705K [0x00000000c4200000, 0x0000000100000000)
  region size 1024K, 14 young (14336K), 3 survivors (3072K)
 Metaspace       used 27348K, committed 27712K, reserved 1114112K
  class space    used 3533K, committed 3712K, reserved 1048576K
}
Event: 22.019 GC heap after
{Heap after GC invocations=12 (full 0):
 garbage-first heap   total reserved 980992K, committed 72704K, used 52142K [0x00000000c4200000, 0x0000000100000000)
  region size 1024K, 1 young (1024K), 1 survivors (1024K)
 Metaspace       used 27348K, committed 27712K, reserved 1114112K
  class space    used 3533K, committed 3712K, reserved 1048576K
}
Event: 22.456 GC heap before
{Heap before GC invocations=12 (full 0):
 garbage-first heap   total reserved 980992K, committed 72704K, used 64430K [0x00000000c4200000, 0x0000000100000000)
  region size 1024K, 14 young (14336K), 1 survivors (1024K)
 Metaspace       used 29133K, committed 29504K, reserved 1114112K
  class space    used 4002K, committed 4160K, reserved 1048576K
}
Event: 22.459 GC heap after
{Heap after GC invocations=13 (full 0):
 garbage-first heap   total reserved 980992K, committed 72704K, used 52522K [0x00000000c4200000, 0x0000000100000000)
  region size 1024K, 1 young (1024K), 1 survivors (1024K)
 Metaspace       used 29133K, committed 29504K, reserved 1114112K
  class space    used 4002K, committed 4160K, reserved 1048576K
}
Event: 22.750 GC heap before
{Heap before GC invocations=14 (full 0):
 garbage-first heap   total reserved 980992K, committed 89088K, used 65834K [0x00000000c4200000, 0x0000000100000000)
  region size 1024K, 14 young (14336K), 1 survivors (1024K)
 Metaspace       used 30173K, committed 30592K, reserved 1114112K
  class space    used 4167K, committed 4352K, reserved 1048576K
}
Event: 22.755 GC heap after
{Heap after GC invocations=15 (full 0):
 garbage-first heap   total reserved 980992K, committed 89088K, used 56320K [0x00000000c4200000, 0x0000000100000000)
  region size 1024K, 2 young (2048K), 2 survivors (2048K)
 Metaspace       used 30173K, committed 30592K, reserved 1114112K
  class space    used 4167K, committed 4352K, reserved 1048576K
}
Event: 24.056 GC heap before
{Heap before GC invocations=15 (full 0):
 garbage-first heap   total reserved 980992K, committed 89088K, used 88064K [0x00000000c4200000, 0x0000000100000000)
  region size 1024K, 25 young (25600K), 2 survivors (2048K)
 Metaspace       used 30518K, committed 30912K, reserved 1114112K
  class space    used 4173K, committed 4352K, reserved 1048576K
}
Event: 24.066 GC heap after
{Heap after GC invocations=16 (full 0):
 garbage-first heap   total reserved 980992K, committed 94208K, used 67105K [0x00000000c4200000, 0x0000000100000000)
  region size 1024K, 4 young (4096K), 4 survivors (4096K)
 Metaspace       used 30518K, committed 30912K, reserved 1114112K
  class space    used 4173K, committed 4352K, reserved 1048576K
}
Event: 24.596 GC heap before
{Heap before GC invocations=16 (full 0):
 garbage-first heap   total reserved 980992K, committed 94208K, used 83489K [0x00000000c4200000, 0x0000000100000000)
  region size 1024K, 20 young (20480K), 4 survivors (4096K)
 Metaspace       used 30642K, committed 31040K, reserved 1114112K
  class space    used 4173K, committed 4352K, reserved 1048576K
}
Event: 24.603 GC heap after
{Heap after GC invocations=17 (full 0):
 garbage-first heap   total reserved 980992K, committed 94208K, used 70757K [0x00000000c4200000, 0x0000000100000000)
  region size 1024K, 3 young (3072K), 3 survivors (3072K)
 Metaspace       used 30642K, committed 31040K, reserved 1114112K
  class space    used 4173K, committed 4352K, reserved 1048576K
}

