# JRE version: OpenJDK Runtime Environment Zulu22.28+91-CA (22.0+36) (build 22+36)
# Java VM: OpenJDK 64-Bit Server VM Zulu22.28+91-CA (22+36, mixed mode, sharing, tiered, compressed oops, compressed class ptrs, g1 gc, windows-amd64)
GC Precious Log:
 CardTable entry size: 512
 Card Set container configuration: InlinePtr #cards 5 size 8 Array Of Cards #cards 12 size 40 Howl #buckets 4 coarsen threshold 1843 Howl Bitmap #cards 512 size 80 coarsen threshold 460 Card regions per heap region 1 cards per card region 2048
 CPUs: 8 total, 8 available
 Memory: 3824M
 Large Page Support: Disabled
 NUMA Support: Disabled
 Compressed Oops: Enabled (32-bit)
 Heap Region Size: 1M
 Heap Min Capacity: 8M
 Heap Initial Capacity: 60M
 Heap Max Capacity: 958M
 Pre-touch: Disabled
 Parallel Workers: 8
 Concurrent Workers: 2
 Concurrent Refinement Workers: 8
 Periodic GC: Disabled
Heap:
 garbage-first heap   total reserved 980992K, committed 66560K, used 42064K [0x00000000c4200000, 0x0000000100000000)
  region size 1024K, 5 young (5120K), 2 survivors (2048K)
 Metaspace       used 25519K, committed 25920K, reserved 1114112K
  class space    used 3392K, committed 3584K, reserved 1048576K
GC Heap History (12 events):
Event: 1.077 GC heap before
{Heap before GC invocations=0 (full 0):
 garbage-first heap   total reserved 980992K, committed 61440K, used 23552K [0x00000000c4200000, 0x0000000100000000)
  region size 1024K, 24 young (24576K), 0 survivors (0K)
 Metaspace       used 4888K, committed 5184K, reserved 1114112K
  class space    used 573K, committed 704K, reserved 1048576K
}
Event: 1.080 GC heap after
{Heap after GC invocations=1 (full 0):
 garbage-first heap   total reserved 980992K, committed 61440K, used 3157K [0x00000000c4200000, 0x0000000100000000)
  region size 1024K, 3 young (3072K), 3 survivors (3072K)
 Metaspace       used 4888K, committed 5184K, reserved 1114112K
  class space    used 573K, committed 704K, reserved 1048576K
}
Event: 1.925 GC heap before
{Heap before GC invocations=1 (full 0):
 garbage-first heap   total reserved 980992K, committed 61440K, used 55381K [0x00000000c4200000, 0x0000000100000000)
  region size 1024K, 31 young (31744K), 3 survivors (3072K)
 Metaspace       used 11943K, committed 12288K, reserved 1114112K
  class space    used 1648K, committed 1792K, reserved 1048576K
}
Event: 1.932 GC heap after
{Heap after GC invocations=2 (full 0):
 garbage-first heap   total reserved 980992K, committed 65536K, used 32990K [0x00000000c4200000, 0x0000000100000000)
  region size 1024K, 5 young (5120K), 5 survivors (5120K)
 Metaspace       used 11943K, committed 12288K, reserved 1114112K
  class space    used 1648K, committed 1792K, reserved 1048576K
}
Event: 3.003 GC heap before
{Heap before GC invocations=2 (full 0):
 garbage-first heap   total reserved 980992K, committed 65536K, used 55518K [0x00000000c4200000, 0x0000000100000000)
  region size 1024K, 25 young (25600K), 5 survivors (5120K)
 Metaspace       used 20608K, committed 20992K, reserved 1114112K
  class space    used 2685K, committed 2880K, reserved 1048576K
}
Event: 3.010 GC heap after
{Heap after GC invocations=3 (full 0):
 garbage-first heap   total reserved 980992K, committed 65536K, used 38392K [0x00000000c4200000, 0x0000000100000000)
  region size 1024K, 3 young (3072K), 3 survivors (3072K)
 Metaspace       used 20608K, committed 20992K, reserved 1114112K
  class space    used 2685K, committed 2880K, reserved 1048576K
}
Event: 3.382 GC heap before
{Heap before GC invocations=3 (full 0):
 garbage-first heap   total reserved 980992K, committed 65536K, used 44536K [0x00000000c4200000, 0x0000000100000000)
  region size 1024K, 10 young (10240K), 3 survivors (3072K)
 Metaspace       used 21178K, committed 21504K, reserved 1114112K
  class space    used 2710K, committed 2880K, reserved 1048576K
}
Event: 3.386 GC heap after
{Heap after GC invocations=4 (full 0):
 garbage-first heap   total reserved 980992K, committed 65536K, used 38928K [0x00000000c4200000, 0x0000000100000000)
  region size 1024K, 1 young (1024K), 1 survivors (1024K)
 Metaspace       used 21178K, committed 21504K, reserved 1114112K
  class space    used 2710K, committed 2880K, reserved 1048576K
}
Event: 4.229 GC heap before
{Heap before GC invocations=5 (full 0):
 garbage-first heap   total reserved 980992K, committed 66560K, used 56336K [0x00000000c4200000, 0x0000000100000000)
  region size 1024K, 19 young (19456K), 1 survivors (1024K)
 Metaspace       used 21825K, committed 22208K, reserved 1114112K
  class space    used 2767K, committed 2944K, reserved 1048576K
}
Event: 4.231 GC heap after
{Heap after GC invocations=6 (full 0):
 garbage-first heap   total reserved 980992K, committed 66560K, used 38939K [0x00000000c4200000, 0x0000000100000000)
  region size 1024K, 1 young (1024K), 1 survivors (1024K)
 Metaspace       used 21825K, committed 22208K, reserved 1114112K
  class space    used 2767K, committed 2944K, reserved 1048576K
}
Event: 4.806 GC heap before
{Heap before GC invocations=6 (full 0):
 garbage-first heap   total reserved 980992K, committed 66560K, used 58395K [0x00000000c4200000, 0x0000000100000000)
  region size 1024K, 21 young (21504K), 1 survivors (1024K)
 Metaspace       used 25132K, committed 25536K, reserved 1114112K
  class space    used 3356K, committed 3520K, reserved 1048576K
}
Event: 4.809 GC heap after
{Heap after GC invocations=7 (full 0):
 garbage-first heap   total reserved 980992K, committed 66560K, used 40016K [0x00000000c4200000, 0x0000000100000000)
  region size 1024K, 2 young (2048K), 2 survivors (2048K)
 Metaspace       used 25132K, committed 25536K, reserved 1114112K
  class space    used 3356K, committed 3520K, reserved 1048576K
}

